<?xml version="1.0" encoding="UTF-8"?>
<!-- Generated by org.testng.reporters.JUnitReportReporter -->
<testsuite skipped="1" hostname="kangsta" name="home.SearchItems" tests="1" failures="0" timestamp="25 May 2017 19:48:18 GMT" time="0.000" errors="0">
  <testcase name="search" time="0.000" classname="home.SearchItems">
    <skipped/>
  </testcase> <!-- search -->
</testsuite> <!-- home.SearchItems -->
