<?xml version="1.0" encoding="UTF-8"?>
<!-- Generated by org.testng.reporters.JUnitReportReporter -->
<testsuite skipped="0" hostname="kangsta" name="searchitems.DropDownMenuSearch" tests="1" failures="0" timestamp="27 May 2017 19:01:36 GMT" time="35.679" errors="0">
  <testcase name="searchMenu" time="35.679" classname="searchitems.DropDownMenuSearch"/>
</testsuite> <!-- searchitems.DropDownMenuSearch -->
