<?xml version="1.0" encoding="UTF-8"?>
<!-- Generated by org.testng.reporters.JUnitReportReporter -->
<testsuite skipped="0" hostname="kangsta" name="searchitems.SearchItems" tests="1" failures="0" timestamp="28 May 2017 03:25:54 GMT" time="45.856" errors="0">
  <testcase name="search" time="45.856" classname="searchitems.SearchItems"/>
</testsuite> <!-- searchitems.SearchItems -->
