<?xml version="1.0" encoding="UTF-8"?>
<!-- Generated by org.testng.reporters.JUnitReportReporter -->
<testsuite skipped="0" hostname="kangsta" name="home.TestAmazonHome" tests="1" failures="0" timestamp="28 May 2017 18:57:37 GMT" time="15.098" errors="0">
  <testcase name="amazonTitle" time="15.098" classname="home.TestAmazonHome"/>
</testsuite> <!-- home.TestAmazonHome -->
