<?xml version="1.0" encoding="UTF-8"?>
<!-- Generated by org.testng.reporters.JUnitReportReporter -->
<testsuite skipped="0" hostname="kangsta" name="health.Health" tests="1" failures="0" timestamp="28 May 2017 03:36:11 GMT" time="17.940" errors="0">
  <testcase name="healthCategories" time="17.940" classname="health.Health"/>
</testsuite> <!-- health.Health -->
