<?xml version="1.0" encoding="UTF-8"?>
<!-- Generated by org.testng.reporters.JUnitReportReporter -->
<testsuite skipped="0" hostname="kangsta" name="construction.Constructions" tests="1" failures="0" timestamp="28 May 2017 03:36:11 GMT" time="16.972" errors="0">
  <testcase name="constructionCategories" time="16.972" classname="construction.Constructions"/>
</testsuite> <!-- construction.Constructions -->
