<?xml version="1.0" encoding="UTF-8"?>
<!-- Generated by org.testng.reporters.JUnitReportReporter -->
<testsuite skipped="0" hostname="kangsta" name="foodandbeverages.FoodAndBeverages" tests="1" failures="0" timestamp="28 May 2017 03:36:11 GMT" time="16.884" errors="0">
  <testcase name="foodAndBeveragesCategories" time="16.884" classname="foodandbeverages.FoodAndBeverages"/>
</testsuite> <!-- foodandbeverages.FoodAndBeverages -->
