<?xml version="1.0" encoding="UTF-8"?>
<!-- Generated by org.testng.reporters.JUnitReportReporter -->
<testsuite skipped="0" hostname="kangsta" name="timepiece.Timepiece" tests="1" failures="0" timestamp="28 May 2017 03:36:11 GMT" time="19.002" errors="0">
  <testcase name="timepieceCategories" time="19.002" classname="timepiece.Timepiece"/>
</testsuite> <!-- timepiece.Timepiece -->
