<?xml version="1.0" encoding="UTF-8"?>
<!-- Generated by org.testng.reporters.JUnitReportReporter -->
<testsuite skipped="0" hostname="kangsta" name="apparel.Apparel" tests="1" failures="0" timestamp="28 May 2017 03:36:11 GMT" time="20.739" errors="0">
  <testcase name="apparelCategories" time="20.739" classname="apparel.Apparel"/>
</testsuite> <!-- apparel.Apparel -->
