<?xml version="1.0" encoding="UTF-8"?>
<!-- Generated by org.testng.reporters.JUnitReportReporter -->
<testsuite skipped="0" hostname="kangsta" name="sports.Sports" tests="1" failures="0" timestamp="28 May 2017 03:36:11 GMT" time="18.095" errors="0">
  <testcase name="sportsCategories" time="18.095" classname="sports.Sports"/>
</testsuite> <!-- sports.Sports -->
