<?xml version="1.0" encoding="UTF-8"?>
<!-- Generated by org.testng.reporters.JUnitReportReporter -->
<testsuite skipped="0" hostname="kangsta" name="serviceequipment.ServiceEquipment" tests="1" failures="0" timestamp="28 May 2017 03:36:11 GMT" time="18.379" errors="0">
  <testcase name="serviceEquipmentCategories" time="18.379" classname="serviceequipment.ServiceEquipment"/>
</testsuite> <!-- serviceequipment.ServiceEquipment -->
