<?xml version="1.0" encoding="UTF-8"?>
<!-- Generated by org.testng.reporters.JUnitReportReporter -->
<testsuite skipped="0" hostname="kangsta" name="beautyandpersonalcare.BeautyAndPersonalCare" tests="1" failures="0" timestamp="28 May 2017 03:36:11 GMT" time="16.780" errors="0">
  <testcase name="beautyAndPersonalCareCategories" time="16.780" classname="beautyandpersonalcare.BeautyAndPersonalCare"/>
</testsuite> <!-- beautyandpersonalcare.BeautyAndPersonalCare -->
