<?xml version="1.0" encoding="UTF-8"?>
<!-- Generated by org.testng.reporters.JUnitReportReporter -->
<testsuite skipped="0" hostname="kangsta" name="textile.Textile" tests="1" failures="0" timestamp="28 May 2017 03:36:11 GMT" time="17.811" errors="0">
  <testcase name="textileCategories" time="17.811" classname="textile.Textile"/>
</testsuite> <!-- textile.Textile -->
