<?xml version="1.0" encoding="UTF-8"?>
<!-- Generated by org.testng.reporters.JUnitReportReporter -->
<testsuite skipped="0" hostname="kangsta" name="packagingandprinting.PackagingAndPrinting" tests="1" failures="0" timestamp="28 May 2017 03:18:34 GMT" time="18.256" errors="0">
  <testcase name="packagingAndPrintingCategories" time="18.256" classname="packagingandprinting.PackagingAndPrinting"/>
</testsuite> <!-- packagingandprinting.PackagingAndPrinting -->
