<?xml version="1.0" encoding="UTF-8"?>
<!-- Generated by org.testng.reporters.JUnitReportReporter -->
<testsuite skipped="0" hostname="kangsta" name="energy.Energy" tests="1" failures="0" timestamp="28 May 2017 03:36:11 GMT" time="18.245" errors="0">
  <testcase name="energyCategories" time="18.245" classname="energy.Energy"/>
</testsuite> <!-- energy.Energy -->
