<?xml version="1.0" encoding="UTF-8"?>
<!-- Generated by org.testng.reporters.JUnitReportReporter -->
<testsuite skipped="0" hostname="kangsta" name="transportation.Transportation" tests="1" failures="0" timestamp="28 May 2017 03:36:11 GMT" time="19.465" errors="0">
  <testcase name="transportationCategories" time="19.465" classname="transportation.Transportation"/>
</testsuite> <!-- transportation.Transportation -->
