<?xml version="1.0" encoding="UTF-8"?>
<!-- Generated by org.testng.reporters.JUnitReportReporter -->
<testsuite skipped="0" hostname="kangsta" name="hardware.Hardware" tests="1" failures="0" timestamp="28 May 2017 03:36:11 GMT" time="18.849" errors="0">
  <testcase name="hardwareCategories" time="18.849" classname="hardware.Hardware"/>
</testsuite> <!-- hardware.Hardware -->
