<?xml version="1.0" encoding="UTF-8"?>
<!-- Generated by org.testng.reporters.JUnitReportReporter -->
<testsuite skipped="0" hostname="kangsta" name="security.Security" tests="1" failures="0" timestamp="28 May 2017 03:36:11 GMT" time="17.337" errors="0">
  <testcase name="securityCategories" time="17.337" classname="security.Security"/>
</testsuite> <!-- security.Security -->
