<?xml version="1.0" encoding="UTF-8"?>
<!-- Generated by org.testng.reporters.JUnitReportReporter -->
<testsuite skipped="0" hostname="kangsta" name="lights.Lights" tests="1" failures="0" timestamp="28 May 2017 03:36:11 GMT" time="16.739" errors="0">
  <testcase name="lightsCategories" time="16.739" classname="lights.Lights"/>
</testsuite> <!-- lights.Lights -->
