<?xml version="1.0" encoding="UTF-8"?>
<!-- Generated by org.testng.reporters.JUnitReportReporter -->
<testsuite skipped="0" hostname="kangsta" name="homeandgarden.HomeAndGarden" tests="1" failures="0" timestamp="28 May 2017 03:36:11 GMT" time="17.172" errors="0">
  <testcase name="homeAndGardenCategories" time="17.172" classname="homeandgarden.HomeAndGarden"/>
</testsuite> <!-- homeandgarden.HomeAndGarden -->
