<?xml version="1.0" encoding="UTF-8"?>
<!-- Generated by org.testng.reporters.JUnitReportReporter -->
<testsuite skipped="0" hostname="kangsta" name="machinery.Machinery" tests="1" failures="0" timestamp="28 May 2017 19:31:08 GMT" time="25.760" errors="0">
  <testcase name="machineryCategories" time="25.760" classname="machinery.Machinery"/>
</testsuite> <!-- machinery.Machinery -->
