<?xml version="1.0" encoding="UTF-8"?>
<!-- Generated by org.testng.reporters.JUnitReportReporter -->
<testsuite skipped="0" hostname="kangsta" name="clickontabs.CardTab" tests="1" failures="0" timestamp="27 May 2017 19:19:06 GMT" time="13.449" errors="0">
  <testcase name="card" time="13.449" classname="clickontabs.CardTab"/>
</testsuite> <!-- clickontabs.CardTab -->
