<?xml version="1.0" encoding="UTF-8"?>
<!-- Generated by org.testng.reporters.JUnitReportReporter -->
<testsuite skipped="0" hostname="kangsta" name="clickontabs.MenuTab" tests="1" failures="0" timestamp="27 May 2017 19:19:06 GMT" time="13.824" errors="0">
  <testcase name="menu" time="13.824" classname="clickontabs.MenuTab"/>
</testsuite> <!-- clickontabs.MenuTab -->
