<?xml version="1.0" encoding="UTF-8"?>
<!-- Generated by org.testng.reporters.JUnitReportReporter -->
<testsuite skipped="0" hostname="kangsta" name="moreoptions.Tea" tests="1" failures="0" timestamp="27 May 2017 19:19:06 GMT" time="18.279" errors="0">
  <testcase name="chai" time="18.279" classname="moreoptions.Tea"/>
</testsuite> <!-- moreoptions.Tea -->
