<?xml version="1.0" encoding="UTF-8"?>
<!-- Generated by org.testng.reporters.JUnitReportReporter -->
<testsuite skipped="0" hostname="kangsta" name="clickontabs.TeaTab" tests="1" failures="0" timestamp="27 May 2017 19:19:06 GMT" time="15.313" errors="0">
  <testcase name="tea" time="15.313" classname="clickontabs.TeaTab"/>
</testsuite> <!-- clickontabs.TeaTab -->
