<?xml version="1.0" encoding="UTF-8"?>
<!-- Generated by org.testng.reporters.JUnitReportReporter -->
<testsuite skipped="0" hostname="kangsta" name="clickontabs.BlogTab" tests="1" failures="0" timestamp="27 May 2017 19:19:06 GMT" time="15.003" errors="0">
  <testcase name="blog" time="15.003" classname="clickontabs.BlogTab"/>
</testsuite> <!-- clickontabs.BlogTab -->
