<?xml version="1.0" encoding="UTF-8"?>
<!-- Generated by org.testng.reporters.JUnitReportReporter -->
<testsuite skipped="0" hostname="kangsta" name="moreoptions.Coffee" tests="1" failures="0" timestamp="27 May 2017 19:19:06 GMT" time="17.690" errors="0">
  <testcase name="latte" time="17.690" classname="moreoptions.Coffee"/>
</testsuite> <!-- moreoptions.Coffee -->
