<?xml version="1.0" encoding="UTF-8"?>
<!-- Generated by org.testng.reporters.JUnitReportReporter -->
<testsuite skipped="0" hostname="kangsta" name="clickontabs.CoffeeTab" tests="1" failures="0" timestamp="27 May 2017 19:19:06 GMT" time="16.289" errors="0">
  <testcase name="coffee" time="16.289" classname="clickontabs.CoffeeTab"/>
</testsuite> <!-- clickontabs.CoffeeTab -->
