<?xml version="1.0" encoding="UTF-8"?>
<!-- Generated by org.testng.reporters.JUnitReportReporter -->
<testsuite skipped="0" hostname="kangsta" name="clickontabs.ShopTab" tests="1" failures="0" timestamp="27 May 2017 19:19:06 GMT" time="14.883" errors="0">
  <testcase name="shop" time="14.883" classname="clickontabs.ShopTab"/>
</testsuite> <!-- clickontabs.ShopTab -->
